<?xml version="1.0" encoding="UTF-8"?>
<!-- Generated by org.testng.reporters.JUnitReportReporter -->
<testsuite skipped="0" hostname="User-PC" name="com.restapi.testcase.GetFunction" tests="1" failures="0" timestamp="31 Jan 2018 05:10:17 GMT" time="2.068" errors="0">
  <testcase name="listUsers" time="2.068" classname="com.restapi.testcase.GetFunction"/>
</testsuite> <!-- com.restapi.testcase.GetFunction -->
