<?xml version="1.0" encoding="UTF-8"?>
<!-- Generated by org.testng.reporters.JUnitReportReporter -->
<testsuite skipped="0" hostname="User-PC" name="com.restapi.testcase.PostFunctions" tests="1" failures="0" timestamp="31 Jan 2018 06:52:38 GMT" time="1.707" errors="0">
  <testcase name="createUserUsingDirectFile" time="1.707" classname="com.restapi.testcase.PostFunctions"/>
</testsuite> <!-- com.restapi.testcase.PostFunctions -->
